# JRE version: OpenJDK Runtime Environment Temurin-21.0.10+7 (21.0.10+7) (build 21.0.10+7-LTS)
# Java VM: OpenJDK 64-Bit Server VM Temurin-21.0.10+7 (21.0.10+7-LTS, mixed mode, sharing, tiered, compressed oops, compressed class ptrs, g1 gc, windows-amd64)
GC Precious Log:
 CardTable entry size: 512
 Card Set container configuration: InlinePtr #cards 4 size 8 Array Of Cards #cards 32 size 80 Howl #buckets 8 coarsen threshold 7372 Howl Bitmap #cards 1024 size 144 coarsen threshold 921 Card regions per heap region 1 cards per card region 8192
 CPUs: 8 total, 8 available
 Memory: 20222M
 Large Page Support: Disabled
 NUMA Support: Disabled
 Compressed Oops: Enabled (Zero based)
 Heap Region Size: 4M
 Heap Min Capacity: 8M
 Heap Initial Capacity: 316M
 Heap Max Capacity: 5056M
 Pre-touch: Disabled
 Parallel Workers: 8
 Concurrent Workers: 2
 Concurrent Refinement Workers: 8
 Periodic GC: Disabled
Heap:
 garbage-first heap   total 200704K, used 121522K [0x00000006c4000000, 0x0000000800000000)
  region size 4096K, 26 young (106496K), 2 survivors (8192K)
 Metaspace       used 80530K, committed 81344K, reserved 1179648K
  class space    used 11133K, committed 11520K, reserved 1048576K
GC Heap History (20 events):
Event: 1.471 GC heap before
{Heap before GC invocations=3 (full 0):
 garbage-first heap   total 323584K, used 24189K [0x00000006c4000000, 0x0000000800000000)
  region size 4096K, 6 young (24576K), 2 survivors (8192K)
 Metaspace       used 21158K, committed 21504K, reserved 1114112K
  class space    used 2699K, committed 2880K, reserved 1048576K
}
Event: 1.475 GC heap after
{Heap after GC invocations=4 (full 0):
 garbage-first heap   total 323584K, used 13290K [0x00000006c4000000, 0x0000000800000000)
  region size 4096K, 2 young (8192K), 2 survivors (8192K)
 Metaspace       used 21158K, committed 21504K, reserved 1114112K
  class space    used 2699K, committed 2880K, reserved 1048576K
}
Event: 2.299 GC heap before
{Heap before GC invocations=5 (full 0):
 garbage-first heap   total 57344K, used 54250K [0x00000006c4000000, 0x0000000800000000)
  region size 4096K, 12 young (49152K), 2 survivors (8192K)
 Metaspace       used 25812K, committed 26112K, reserved 1114112K
  class space    used 3267K, committed 3392K, reserved 1048576K
}
Event: 2.305 GC heap after
{Heap after GC invocations=6 (full 0):
 garbage-first heap   total 69632K, used 16379K [0x00000006c4000000, 0x0000000800000000)
  region size 4096K, 3 young (12288K), 3 survivors (12288K)
 Metaspace       used 25812K, committed 26112K, reserved 1114112K
  class space    used 3267K, committed 3392K, reserved 1048576K
}
Event: 3.025 GC heap before
{Heap before GC invocations=6 (full 0):
 garbage-first heap   total 69632K, used 45051K [0x00000006c4000000, 0x0000000800000000)
  region size 4096K, 10 young (40960K), 3 survivors (12288K)
 Metaspace       used 30665K, committed 31104K, reserved 1114112K
  class space    used 3952K, committed 4160K, reserved 1048576K
}
Event: 3.033 GC heap after
{Heap after GC invocations=7 (full 0):
 garbage-first heap   total 69632K, used 19139K [0x00000006c4000000, 0x0000000800000000)
  region size 4096K, 2 young (8192K), 2 survivors (8192K)
 Metaspace       used 30665K, committed 31104K, reserved 1114112K
  class space    used 3952K, committed 4160K, reserved 1048576K
}
Event: 3.593 GC heap before
{Heap before GC invocations=7 (full 0):
 garbage-first heap   total 69632K, used 47811K [0x00000006c4000000, 0x0000000800000000)
  region size 4096K, 9 young (36864K), 2 survivors (8192K)
 Metaspace       used 35115K, committed 35648K, reserved 1114112K
  class space    used 4541K, committed 4800K, reserved 1048576K
}
Event: 3.599 GC heap after
{Heap after GC invocations=8 (full 0):
 garbage-first heap   total 69632K, used 21576K [0x00000006c4000000, 0x0000000800000000)
  region size 4096K, 2 young (8192K), 2 survivors (8192K)
 Metaspace       used 35115K, committed 35648K, reserved 1114112K
  class space    used 4541K, committed 4800K, reserved 1048576K
}
Event: 3.649 GC heap before
{Heap before GC invocations=8 (full 0):
 garbage-first heap   total 69632K, used 21576K [0x00000006c4000000, 0x0000000800000000)
  region size 4096K, 3 young (12288K), 2 survivors (8192K)
 Metaspace       used 35627K, committed 36160K, reserved 1114112K
  class space    used 4592K, committed 4864K, reserved 1048576K
}
Event: 3.653 GC heap after
{Heap after GC invocations=9 (full 0):
 garbage-first heap   total 69632K, used 21553K [0x00000006c4000000, 0x0000000800000000)
  region size 4096K, 1 young (4096K), 1 survivors (4096K)
 Metaspace       used 35627K, committed 36160K, reserved 1114112K
  class space    used 4592K, committed 4864K, reserved 1048576K
}
Event: 4.602 GC heap before
{Heap before GC invocations=10 (full 0):
 garbage-first heap   total 69632K, used 54321K [0x00000006c4000000, 0x0000000800000000)
  region size 4096K, 9 young (36864K), 1 survivors (4096K)
 Metaspace       used 44918K, committed 45568K, reserved 1114112K
  class space    used 5962K, committed 6272K, reserved 1048576K
}
Event: 4.605 GC heap after
{Heap after GC invocations=11 (full 0):
 garbage-first heap   total 69632K, used 23216K [0x00000006c4000000, 0x0000000800000000)
  region size 4096K, 2 young (8192K), 2 survivors (8192K)
 Metaspace       used 44918K, committed 45568K, reserved 1114112K
  class space    used 5962K, committed 6272K, reserved 1048576K
}
Event: 5.129 GC heap before
{Heap before GC invocations=11 (full 0):
 garbage-first heap   total 69632K, used 55984K [0x00000006c4000000, 0x0000000800000000)
  region size 4096K, 10 young (40960K), 2 survivors (8192K)
 Metaspace       used 52999K, committed 53568K, reserved 1114112K
  class space    used 7065K, committed 7360K, reserved 1048576K
}
Event: 5.133 GC heap after
{Heap after GC invocations=12 (full 0):
 garbage-first heap   total 69632K, used 25519K [0x00000006c4000000, 0x0000000800000000)
  region size 4096K, 2 young (8192K), 2 survivors (8192K)
 Metaspace       used 52999K, committed 53568K, reserved 1114112K
  class space    used 7065K, committed 7360K, reserved 1048576K
}
Event: 5.590 GC heap before
{Heap before GC invocations=12 (full 0):
 garbage-first heap   total 69632K, used 45999K [0x00000006c4000000, 0x0000000800000000)
  region size 4096K, 9 young (36864K), 2 survivors (8192K)
 Metaspace       used 59865K, committed 60416K, reserved 1114112K
  class space    used 8187K, committed 8448K, reserved 1048576K
}
Event: 5.594 GC heap after
{Heap after GC invocations=13 (full 0):
 garbage-first heap   total 69632K, used 26260K [0x00000006c4000000, 0x0000000800000000)
  region size 4096K, 2 young (8192K), 2 survivors (8192K)
 Metaspace       used 59865K, committed 60416K, reserved 1114112K
  class space    used 8187K, committed 8448K, reserved 1048576K
}
Event: 6.255 GC heap before
{Heap before GC invocations=14 (full 0):
 garbage-first heap   total 69632K, used 54932K [0x00000006c4000000, 0x0000000800000000)
  region size 4096K, 9 young (36864K), 2 survivors (8192K)
 Metaspace       used 65493K, committed 66112K, reserved 1114112K
  class space    used 9018K, committed 9280K, reserved 1048576K
}
Event: 6.261 GC heap after
{Heap after GC invocations=15 (full 0):
 garbage-first heap   total 69632K, used 29291K [0x00000006c4000000, 0x0000000800000000)
  region size 4096K, 2 young (8192K), 2 survivors (8192K)
 Metaspace       used 65493K, committed 66112K, reserved 1114112K
  class space    used 9018K, committed 9280K, reserved 1048576K
}
Event: 6.872 GC heap before
{Heap before GC invocations=15 (full 0):
 garbage-first heap   total 69632K, used 57963K [0x00000006c4000000, 0x0000000800000000)
  region size 4096K, 9 young (36864K), 2 survivors (8192K)
 Metaspace       used 68703K, committed 69440K, reserved 1114112K
  class space    used 9431K, committed 9728K, reserved 1048576K
}
Event: 6.881 GC heap after
{Heap after GC invocations=16 (full 0):
 garbage-first heap   total 200704K, used 31410K [0x00000006c4000000, 0x0000000800000000)
  region size 4096K, 2 young (8192K), 2 survivors (8192K)
 Metaspace       used 68703K, committed 69440K, reserved 1114112K
  class space    used 9431K, committed 9728K, reserved 1048576K
}

